  Stage.cpp
  StageOne.cpp
C:\Users\admin\Desktop\수업\쥬신\TeamProject\first\Tank\Tank\StageOne.cpp(57,60): warning C4244: '인수': 'int'에서 'float'(으)로 변환하면서 데이터가 손실될 수 있습니다.
C:\Users\admin\Desktop\수업\쥬신\TeamProject\first\Tank\Tank\StageOne.cpp(57,55): warning C4244: '인수': 'int'에서 'float'(으)로 변환하면서 데이터가 손실될 수 있습니다.
C:\Users\admin\Desktop\수업\쥬신\TeamProject\first\Tank\Tank\AbstractFactory.h(38,24): warning C4244: '인수': 'float'에서 'const long'(으)로 변환하면서 데이터가 손실될 수 있습니다.
C:\Users\admin\Desktop\수업\쥬신\TeamProject\first\Tank\Tank\AbstractFactory.h(34): message : 클래스 템플릿 멤버 함수 'CObj *CAbstractFactory<CMonster>::Create(float,float,float,float)'을(를) 컴파일하는 중입니다.
C:\Users\admin\Desktop\수업\쥬신\TeamProject\first\Tank\Tank\StageOne.cpp(57): message : 컴파일되는 함수 템플릿 인스턴스화 'CObj *CAbstractFactory<CMonster>::Create(float,float,float,float)'에 대한 참조를 확인하세요.
C:\Users\admin\Desktop\수업\쥬신\TeamProject\first\Tank\Tank\StageOne.cpp(57): message : 컴파일되는 클래스 템플릿 인스턴스화 'CAbstractFactory<CMonster>'에 대한 참조를 확인하세요.
C:\Users\admin\Desktop\수업\쥬신\TeamProject\first\Tank\Tank\AbstractFactory.h(38,18): warning C4244: '인수': 'float'에서 'const long'(으)로 변환하면서 데이터가 손실될 수 있습니다.
C:\Users\admin\Desktop\수업\쥬신\TeamProject\first\Tank\Tank\AbstractFactory.h(27,94): warning C4244: '인수': 'const float'에서 'const long'(으)로 변환하면서 데이터가 손실될 수 있습니다.
C:\Users\admin\Desktop\수업\쥬신\TeamProject\first\Tank\Tank\AbstractFactory.h(23): message : 클래스 템플릿 멤버 함수 'CObj *CAbstractFactory<CMonster>::Create(T *)'을(를) 컴파일하는 중입니다.
          with
          [
              T=CMonster
          ]
C:\Users\admin\Desktop\수업\쥬신\TeamProject\first\Tank\Tank\StageOne.cpp(121): message : 컴파일되는 함수 템플릿 인스턴스화 'CObj *CAbstractFactory<CMonster>::Create(T *)'에 대한 참조를 확인하세요.
          with
          [
              T=CMonster
          ]
C:\Users\admin\Desktop\수업\쥬신\TeamProject\first\Tank\Tank\AbstractFactory.h(27,52): warning C4244: '인수': 'const float'에서 'const long'(으)로 변환하면서 데이터가 손실될 수 있습니다.
  WinApi.cpp
  코드를 생성하고 있습니다...
  Tank.vcxproj -> C:\Users\admin\Desktop\수업\쥬신\TeamProject\first\Tank\Debug\Tank.exe
